/usr/local/mysql/bin/mysqld, Version: 5.7.24-log (Source distribution). started with:
Tcp port: 0  Unix socket: (null)
Time                 Id Command    Argument
2019-01-09T09:34:58.577053Z	    2 Connect	root@injar_docker_php-fpm_1.injar_docker_default on  using TCP/IP
2019-01-09T09:34:58.581583Z	    2 Init DB	d_dev
2019-01-09T09:34:58.582223Z	    2 Query	SET NAMES 'utf8'
2019-01-09T09:34:58.582665Z	    2 Query	SET sql_mode=''
2019-01-09T09:34:58.583217Z	    2 Query	select a.c_id estate_id,
                     a.c_name estate_name,
                     a.c_address estate_address,
                     a.c_map_path estate_picture,
                     substring_index(substring_index(a.c_traffic,';',2),';',-1) estate_traffic,
                     count(distinct b.c_house_type_id) house_type,
                     count(if(b.c_status in (2,6),1,null)) can_rent_number,
                     round(min(b.c_price) / 100) min_price,
                     group_concat(distinct b.c_equipment) equipment
              from d_base.t_estate_info a
              left join d_sku.t_house b on b.c_estate_id = a.c_id and b.c_parent_id = 0
              where a.c_status = 1
              group by a.c_id
2019-01-09T09:34:58.647102Z	    2 Query	select a.c_name from d_base.t_house_config a where a.c_id in (347,348,349,350,351,352,353,354,355,369,356,368,357,358,359,360,361,362,363)
2019-01-09T09:34:58.665098Z	    2 Query	select a.c_name from d_base.t_house_config a where a.c_id in (347,349,350,352,353,354,355,357,359,362,368,369,370,395,371,373,376)
2019-01-09T09:34:58.665719Z	    2 Query	select a.c_name from d_base.t_house_config a where a.c_id in (353,369,352,395,357,355,358)
2019-01-09T09:34:58.666310Z	    2 Query	select a.c_name from d_base.t_house_config a where a.c_id in (347,348,349,351,352,353,354,355,356,358,359,361,362,370,377,399,401)
2019-01-09T09:34:58.666851Z	    2 Query	select a.c_name from d_base.t_house_config a where a.c_id in (443,460,461)
2019-01-09T09:34:58.667473Z	    2 Query	select a.c_name from d_base.t_house_config a where a.c_id in (353,369,355,347,386,377,368,387,385,370,348,388,389,356,390,352)
2019-01-09T09:34:58.668118Z	    2 Query	select a.c_name from d_base.t_house_config a where a.c_id in (347,349,352,353,355,356,358,359,368,369,377,378,379,382,348,381,383,384,380)
2019-01-09T09:34:58.668660Z	    2 Query	select a.c_name from d_base.t_house_config a where a.c_id in (347,348,349,351,352,353,354,355,356,358,359,360,361,362,368,369,370,378,395,443)
2019-01-09T09:34:58.669224Z	    2 Query	select a.c_name from d_base.t_house_config a where a.c_id in (347,348,349,350,351,352,353,354,355,356,357,358,359,360,362,368,369,370,378,395)
2019-01-09T09:34:58.669830Z	    2 Query	select a.c_name from d_base.t_house_config a where a.c_id in (347,348,349,350,351,352,353,354,355,356,357,358,360,362,368,369,370,395)
2019-01-09T09:34:58.670400Z	    2 Query	select a.c_name from d_base.t_house_config a where a.c_id in (347,348,349,352,353,354,355,356,357,360,362,368,369,377,383,390,395)
2019-01-09T09:34:58.675411Z	    2 Quit	
2019-01-09T09:35:09.030517Z	    3 Connect	root@injar_docker_php-fpm_1.injar_docker_default on  using TCP/IP
2019-01-09T09:35:09.032204Z	    3 Init DB	d_dev
2019-01-09T09:35:09.032837Z	    3 Query	SET NAMES 'utf8'
2019-01-09T09:35:09.033300Z	    3 Query	SET sql_mode=''
2019-01-09T09:35:09.033927Z	    3 Query	select a.c_id estate_id,
                     a.c_name estate_name,
                     a.c_address estate_address,
                     a.c_map_path estate_picture,
                     substring_index(substring_index(a.c_traffic,';',2),';',-1) estate_traffic,
                     count(distinct b.c_house_type_id) house_type,
                     count(if(b.c_status in (2,6),1,null)) can_rent_number,
                     round(min(b.c_price) / 100) min_price,
                     group_concat(distinct b.c_equipment) equipment
              from d_base.t_estate_info a
              left join d_sku.t_house b on b.c_estate_id = a.c_id and b.c_parent_id = 0
              where a.c_status = 1
              group by a.c_id
2019-01-09T09:35:09.043315Z	    3 Query	select a.c_name from d_base.t_house_config a where a.c_id in (347,348,349,350,351,352,353,354,355,369,356,368,357,358,359,360,361,362,363)
2019-01-09T09:35:09.046506Z	    3 Query	select a.c_name from d_base.t_house_config a where a.c_id in (347,349,350,352,353,354,355,357,359,362,368,369,370,395,371,373,376)
2019-01-09T09:35:09.047596Z	    3 Query	select a.c_name from d_base.t_house_config a where a.c_id in (353,369,352,395,357,355,358)
2019-01-09T09:35:09.048652Z	    3 Query	select a.c_name from d_base.t_house_config a where a.c_id in (347,348,349,351,352,353,354,355,356,358,359,361,362,370,377,399,401)
2019-01-09T09:35:09.049422Z	    3 Query	select a.c_name from d_base.t_house_config a where a.c_id in (443,460,461)
2019-01-09T09:35:09.050199Z	    3 Query	select a.c_name from d_base.t_house_config a where a.c_id in (353,369,355,347,386,377,368,387,385,370,348,388,389,356,390,352)
2019-01-09T09:35:09.050960Z	    3 Query	select a.c_name from d_base.t_house_config a where a.c_id in (347,349,352,353,355,356,358,359,368,369,377,378,379,382,348,381,383,384,380)
2019-01-09T09:35:09.051728Z	    3 Query	select a.c_name from d_base.t_house_config a where a.c_id in (347,348,349,351,352,353,354,355,356,358,359,360,361,362,368,369,370,378,395,443)
2019-01-09T09:35:09.052422Z	    3 Query	select a.c_name from d_base.t_house_config a where a.c_id in (347,348,349,350,351,352,353,354,355,356,357,358,359,360,362,368,369,370,378,395)
2019-01-09T09:35:09.053141Z	    3 Query	select a.c_name from d_base.t_house_config a where a.c_id in (347,348,349,350,351,352,353,354,355,356,357,358,360,362,368,369,370,395)
2019-01-09T09:35:09.053887Z	    3 Query	select a.c_name from d_base.t_house_config a where a.c_id in (347,348,349,352,353,354,355,356,357,360,362,368,369,377,383,390,395)
2019-01-09T09:35:09.059667Z	    3 Quit	
2019-01-09T09:39:16.775147Z	    4 Connect	root@injar_docker_php-fpm_1.injar_docker_default on  using TCP/IP
2019-01-09T09:39:16.776736Z	    4 Init DB	d_dev
2019-01-09T09:39:16.777411Z	    4 Query	SET NAMES 'utf8'
2019-01-09T09:39:16.777993Z	    4 Query	SET sql_mode=''
2019-01-09T09:39:16.778604Z	    4 Query	select a.c_id estate_id,
                     a.c_name estate_name,
                     a.c_address estate_address,
                     a.c_map_path estate_picture,
                     substring_index(substring_index(a.c_traffic,';',2),';',-1) estate_traffic,
                     count(distinct b.c_house_type_id) house_type,
                     count(if(b.c_status in (2,6),1,null)) can_rent_number,
                     round(min(b.c_price) / 100) min_price,
                     group_concat(distinct b.c_equipment) equipment
              from d_base.t_estate_info a
              left join d_sku.t_house b on b.c_estate_id = a.c_id and b.c_parent_id = 0
              where a.c_status = 1
              group by a.c_id
2019-01-09T09:39:16.787930Z	    4 Query	select a.c_name from d_base.t_house_config a where a.c_id in (347,348,349,350,351,352,353,354,355,369,356,368,357,358,359,360,361,362,363)
2019-01-09T09:39:16.790405Z	    4 Query	select a.c_name from d_base.t_house_config a where a.c_id in (347,349,350,352,353,354,355,357,359,362,368,369,370,395,371,373,376)
2019-01-09T09:39:16.791110Z	    4 Query	select a.c_name from d_base.t_house_config a where a.c_id in (353,369,352,395,357,355,358)
2019-01-09T09:39:16.791798Z	    4 Query	select a.c_name from d_base.t_house_config a where a.c_id in (347,348,349,351,352,353,354,355,356,358,359,361,362,370,377,399,401)
2019-01-09T09:39:16.792580Z	    4 Query	select a.c_name from d_base.t_house_config a where a.c_id in (443,460,461)
2019-01-09T09:39:16.793471Z	    4 Query	select a.c_name from d_base.t_house_config a where a.c_id in (353,369,355,347,386,377,368,387,385,370,348,388,389,356,390,352)
2019-01-09T09:39:16.794196Z	    4 Query	select a.c_name from d_base.t_house_config a where a.c_id in (347,349,352,353,355,356,358,359,368,369,377,378,379,382,348,381,383,384,380)
2019-01-09T09:39:16.794939Z	    4 Query	select a.c_name from d_base.t_house_config a where a.c_id in (347,348,349,351,352,353,354,355,356,358,359,360,361,362,368,369,370,378,395,443)
2019-01-09T09:39:16.795736Z	    4 Query	select a.c_name from d_base.t_house_config a where a.c_id in (347,348,349,350,351,352,353,354,355,356,357,358,359,360,362,368,369,370,378,395)
2019-01-09T09:39:16.796409Z	    4 Query	select a.c_name from d_base.t_house_config a where a.c_id in (347,348,349,350,351,352,353,354,355,356,357,358,360,362,368,369,370,395)
2019-01-09T09:39:16.797035Z	    4 Query	select a.c_name from d_base.t_house_config a where a.c_id in (347,348,349,352,353,354,355,356,357,360,362,368,369,377,383,390,395)
2019-01-09T09:39:16.802173Z	    4 Quit	
2019-01-09T09:39:24.824040Z	    5 Connect	root@injar_docker_php-fpm_1.injar_docker_default on  using TCP/IP
2019-01-09T09:39:24.825384Z	    5 Init DB	d_dev
2019-01-09T09:39:24.826063Z	    5 Query	SET NAMES 'utf8'
2019-01-09T09:39:24.826605Z	    5 Query	SET sql_mode=''
2019-01-09T09:39:24.827221Z	    5 Query	select a.c_id estate_id,
                     a.c_name estate_name,
                     a.c_address estate_address,
                     a.c_map_path estate_picture,
                     substring_index(substring_index(a.c_traffic,';',2),';',-1) estate_traffic,
                     count(distinct b.c_house_type_id) house_type,
                     count(if(b.c_status in (2,6),1,null)) can_rent_number,
                     round(min(b.c_price) / 100) min_price,
                     group_concat(distinct b.c_equipment) equipment
              from d_base.t_estate_info a
              left join d_sku.t_house b on b.c_estate_id = a.c_id and b.c_parent_id = 0
              where a.c_status = 1
              group by a.c_id
2019-01-09T09:39:24.836600Z	    5 Query	select a.c_name from d_base.t_house_config a where a.c_id in (347,348,349,350,351,352,353,354,355,369,356,368,357,358,359,360,361,362,363)
2019-01-09T09:39:24.839526Z	    5 Query	select a.c_name from d_base.t_house_config a where a.c_id in (347,349,350,352,353,354,355,357,359,362,368,369,370,395,371,373,376)
2019-01-09T09:39:24.840171Z	    5 Query	select a.c_name from d_base.t_house_config a where a.c_id in (353,369,352,395,357,355,358)
2019-01-09T09:39:24.840846Z	    5 Query	select a.c_name from d_base.t_house_config a where a.c_id in (347,348,349,351,352,353,354,355,356,358,359,361,362,370,377,399,401)
2019-01-09T09:39:24.841468Z	    5 Query	select a.c_name from d_base.t_house_config a where a.c_id in (443,460,461)
2019-01-09T09:39:24.842158Z	    5 Query	select a.c_name from d_base.t_house_config a where a.c_id in (353,369,355,347,386,377,368,387,385,370,348,388,389,356,390,352)
2019-01-09T09:39:24.843088Z	    5 Query	select a.c_name from d_base.t_house_config a where a.c_id in (347,349,352,353,355,356,358,359,368,369,377,378,379,382,348,381,383,384,380)
2019-01-09T09:39:24.843754Z	    5 Query	select a.c_name from d_base.t_house_config a where a.c_id in (347,348,349,351,352,353,354,355,356,358,359,360,361,362,368,369,370,378,395,443)
2019-01-09T09:39:24.844316Z	    5 Query	select a.c_name from d_base.t_house_config a where a.c_id in (347,348,349,350,351,352,353,354,355,356,357,358,359,360,362,368,369,370,378,395)
2019-01-09T09:39:24.844917Z	    5 Query	select a.c_name from d_base.t_house_config a where a.c_id in (347,348,349,350,351,352,353,354,355,356,357,358,360,362,368,369,370,395)
2019-01-09T09:39:24.845467Z	    5 Query	select a.c_name from d_base.t_house_config a where a.c_id in (347,348,349,352,353,354,355,356,357,360,362,368,369,377,383,390,395)
2019-01-09T09:39:24.850260Z	    5 Quit	
2019-01-09T09:40:04.397829Z	    6 Connect	root@injar_docker_php-fpm_1.injar_docker_default on  using TCP/IP
2019-01-09T09:40:04.399330Z	    6 Init DB	d_dev
2019-01-09T09:40:04.400046Z	    6 Query	SET NAMES 'utf8'
2019-01-09T09:40:04.400526Z	    6 Query	SET sql_mode=''
2019-01-09T09:40:04.401104Z	    6 Query	select a.c_id estate_id,
                     a.c_name estate_name,
                     a.c_address estate_address,
                     a.c_map_path estate_picture,
                     substring_index(substring_index(a.c_traffic,';',2),';',-1) estate_traffic,
                     count(distinct b.c_house_type_id) house_type,
                     count(if(b.c_status in (2,6),1,null)) can_rent_number,
                     round(min(b.c_price) / 100) min_price,
                     group_concat(distinct b.c_equipment) equipment
              from d_base.t_estate_info a
              left join d_sku.t_house b on b.c_estate_id = a.c_id and b.c_parent_id = 0
              where a.c_status = 1
              group by a.c_id
2019-01-09T09:40:04.410572Z	    6 Query	select a.c_name from d_base.t_house_config a where a.c_id in (347,348,349,350,351,352,353,354,355,369,356,368,357,358,359,360,361,362,363)
2019-01-09T09:40:04.413282Z	    6 Query	select a.c_name from d_base.t_house_config a where a.c_id in (347,349,350,352,353,354,355,357,359,362,368,369,370,395,371,373,376)
2019-01-09T09:40:04.414038Z	    6 Query	select a.c_name from d_base.t_house_config a where a.c_id in (353,369,352,395,357,355,358)
2019-01-09T09:40:04.414729Z	    6 Query	select a.c_name from d_base.t_house_config a where a.c_id in (347,348,349,351,352,353,354,355,356,358,359,361,362,370,377,399,401)
2019-01-09T09:40:04.415344Z	    6 Query	select a.c_name from d_base.t_house_config a where a.c_id in (443,460,461)
2019-01-09T09:40:04.415994Z	    6 Query	select a.c_name from d_base.t_house_config a where a.c_id in (353,369,355,347,386,377,368,387,385,370,348,388,389,356,390,352)
2019-01-09T09:40:04.416703Z	    6 Query	select a.c_name from d_base.t_house_config a where a.c_id in (347,349,352,353,355,356,358,359,368,369,377,378,379,382,348,381,383,384,380)
2019-01-09T09:40:04.417375Z	    6 Query	select a.c_name from d_base.t_house_config a where a.c_id in (347,348,349,351,352,353,354,355,356,358,359,360,361,362,368,369,370,378,395,443)
2019-01-09T09:40:04.418074Z	    6 Query	select a.c_name from d_base.t_house_config a where a.c_id in (347,348,349,350,351,352,353,354,355,356,357,358,359,360,362,368,369,370,378,395)
2019-01-09T09:40:04.418719Z	    6 Query	select a.c_name from d_base.t_house_config a where a.c_id in (347,348,349,350,351,352,353,354,355,356,357,358,360,362,368,369,370,395)
2019-01-09T09:40:04.419358Z	    6 Query	select a.c_name from d_base.t_house_config a where a.c_id in (347,348,349,352,353,354,355,356,357,360,362,368,369,377,383,390,395)
2019-01-09T09:40:04.425165Z	    6 Quit	
2019-01-09T09:44:23.883801Z	    7 Connect	root@injar_docker_php-fpm_1.injar_docker_default on  using TCP/IP
2019-01-09T09:44:23.885158Z	    7 Init DB	d_dev
2019-01-09T09:44:23.885766Z	    7 Query	SET NAMES 'utf8'
2019-01-09T09:44:23.886251Z	    7 Query	SET sql_mode=''
2019-01-09T09:44:23.886944Z	    7 Query	select a.c_id estate_id,
                     a.c_name estate_name,
                     a.c_address estate_address,
                     a.c_map_path estate_picture,
                     substring_index(substring_index(a.c_traffic,';',2),';',-1) estate_traffic,
                     count(distinct b.c_house_type_id) house_type,
                     count(if(b.c_status in (2,6),1,null)) can_rent_number,
                     round(min(b.c_price) / 100) min_price,
                     group_concat(distinct b.c_equipment) equipment
              from d_base.t_estate_info a
              left join d_sku.t_house b on b.c_estate_id = a.c_id and b.c_parent_id = 0
              where a.c_status = 1
              group by a.c_id
2019-01-09T09:44:23.896707Z	    7 Query	select a.c_name from d_base.t_house_config a where a.c_id in (347,348,349,350,351,352,353,354,355,369,356,368,357,358,359,360,361,362,363)
2019-01-09T09:44:23.899389Z	    7 Query	select a.c_name from d_base.t_house_config a where a.c_id in (347,349,350,352,353,354,355,357,359,362,368,369,370,395,371,373,376)
2019-01-09T09:44:23.900142Z	    7 Query	select a.c_name from d_base.t_house_config a where a.c_id in (353,369,352,395,357,355,358)
2019-01-09T09:44:23.900841Z	    7 Query	select a.c_name from d_base.t_house_config a where a.c_id in (347,348,349,351,352,353,354,355,356,358,359,361,362,370,377,399,401)
2019-01-09T09:44:23.901509Z	    7 Query	select a.c_name from d_base.t_house_config a where a.c_id in (443,460,461)
2019-01-09T09:44:23.902086Z	    7 Query	select a.c_name from d_base.t_house_config a where a.c_id in (353,369,355,347,386,377,368,387,385,370,348,388,389,356,390,352)
2019-01-09T09:44:23.902766Z	    7 Query	select a.c_name from d_base.t_house_config a where a.c_id in (347,349,352,353,355,356,358,359,368,369,377,378,379,382,348,381,383,384,380)
2019-01-09T09:44:23.903377Z	    7 Query	select a.c_name from d_base.t_house_config a where a.c_id in (347,348,349,351,352,353,354,355,356,358,359,360,361,362,368,369,370,378,395,443)
2019-01-09T09:44:23.903965Z	    7 Query	select a.c_name from d_base.t_house_config a where a.c_id in (347,348,349,350,351,352,353,354,355,356,357,358,359,360,362,368,369,370,378,395)
2019-01-09T09:44:23.904542Z	    7 Query	select a.c_name from d_base.t_house_config a where a.c_id in (347,348,349,350,351,352,353,354,355,356,357,358,360,362,368,369,370,395)
2019-01-09T09:44:23.905190Z	    7 Query	select a.c_name from d_base.t_house_config a where a.c_id in (347,348,349,352,353,354,355,356,357,360,362,368,369,377,383,390,395)
2019-01-09T09:44:23.910883Z	    7 Quit	
/usr/local/mysql/bin/mysqld, Version: 5.7.24-log (Source distribution). started with:
Tcp port: 0  Unix socket: (null)
Time                 Id Command    Argument
/usr/local/mysql/bin/mysqld, Version: 5.7.24-log (Source distribution). started with:
Tcp port: 0  Unix socket: (null)
Time                 Id Command    Argument
/usr/local/mysql/bin/mysqld, Version: 5.7.24-log (Source distribution). started with:
Tcp port: 0  Unix socket: (null)
Time                 Id Command    Argument
/usr/local/mysql/bin/mysqld, Version: 5.7.24-log (Source distribution). started with:
Tcp port: 0  Unix socket: (null)
Time                 Id Command    Argument
/usr/local/mysql/bin/mysqld, Version: 5.7.24-log (Source distribution). started with:
Tcp port: 0  Unix socket: (null)
Time                 Id Command    Argument
/usr/local/mysql/bin/mysqld, Version: 5.7.24-log (Source distribution). started with:
Tcp port: 0  Unix socket: (null)
Time                 Id Command    Argument
/usr/local/mysql/bin/mysqld, Version: 5.7.24-log (Source distribution). started with:
Tcp port: 0  Unix socket: (null)
Time                 Id Command    Argument
/usr/local/mysql/bin/mysqld, Version: 5.7.24-log (Source distribution). started with:
Tcp port: 0  Unix socket: (null)
Time                 Id Command    Argument
/usr/local/mysql/bin/mysqld, Version: 5.7.24-log (Source distribution). started with:
Tcp port: 0  Unix socket: (null)
Time                 Id Command    Argument
/usr/local/mysql/bin/mysqld, Version: 5.7.24-log (Source distribution). started with:
Tcp port: 0  Unix socket: (null)
Time                 Id Command    Argument
/usr/local/mysql/bin/mysqld, Version: 5.7.24-log (Source distribution). started with:
Tcp port: 0  Unix socket: (null)
Time                 Id Command    Argument
/usr/local/mysql/bin/mysqld, Version: 5.7.24-log (Source distribution). started with:
Tcp port: 0  Unix socket: (null)
Time                 Id Command    Argument
/usr/local/mysql/bin/mysqld, Version: 5.7.24-log (Source distribution). started with:
Tcp port: 0  Unix socket: (null)
Time                 Id Command    Argument
/usr/local/mysql/bin/mysqld, Version: 5.7.24-log (Source distribution). started with:
Tcp port: 0  Unix socket: (null)
Time                 Id Command    Argument
2019-01-09T11:22:47.189528Z	    2 Connect	root@gateway on  using TCP/IP
2019-01-09T11:22:47.190788Z	    2 Query	SET NAMES utf8mb4
2019-01-09T11:22:47.191856Z	    2 Query	SHOW DATABASES
2019-01-09T11:22:47.783652Z	    2 Init DB	d_base
2019-01-09T11:22:47.786493Z	    2 Query	SELECT COUNT(*) FROM information_schema.TABLES WHERE TABLE_SCHEMA = 'd_base'UNION SELECT COUNT(*) FROM information_schema.COLUMNS WHERE TABLE_SCHEMA = 'd_base'UNION SELECT COUNT(*) FROM information_schema.ROUTINES WHERE ROUTINE_SCHEMA = 'd_base'
2019-01-09T11:22:47.841655Z	    2 Query	SELECT TABLE_SCHEMA, TABLE_NAME, TABLE_TYPE FROM information_schema.TABLES WHERE TABLE_SCHEMA = 'd_base' ORDER BY TABLE_SCHEMA, TABLE_TYPE
2019-01-09T11:22:47.847095Z	    2 Query	SELECT TABLE_SCHEMA, TABLE_NAME, COLUMN_NAME, COLUMN_TYPE FROM information_schema.COLUMNS WHERE TABLE_SCHEMA = 'd_base' ORDER BY TABLE_SCHEMA, TABLE_NAME
2019-01-09T11:22:47.905612Z	    2 Query	SELECT DISTINCT ROUTINE_SCHEMA, ROUTINE_NAME, PARAMS.PARAMETER FROM information_schema.ROUTINES LEFT JOIN ( SELECT SPECIFIC_SCHEMA, SPECIFIC_NAME, GROUP_CONCAT(CONCAT(DATA_TYPE, ' ', PARAMETER_NAME) ORDER BY ORDINAL_POSITION SEPARATOR ', ') PARAMETER, ROUTINE_TYPE FROM information_schema.PARAMETERS GROUP BY SPECIFIC_SCHEMA, SPECIFIC_NAME, ROUTINE_TYPE ) PARAMS ON ROUTINES.ROUTINE_SCHEMA = PARAMS.SPECIFIC_SCHEMA AND ROUTINES.ROUTINE_NAME = PARAMS.SPECIFIC_NAME AND ROUTINES.ROUTINE_TYPE = PARAMS.ROUTINE_TYPE WHERE ROUTINE_SCHEMA = 'd_base' ORDER BY ROUTINE_SCHEMA
2019-01-09T11:22:48.690942Z	    2 Init DB	d_base
2019-01-09T11:22:48.692288Z	    2 Query	SHOW TABLE STATUS
2019-01-09T11:22:50.765677Z	    2 Init DB	d_base
2019-01-09T11:22:50.767521Z	    2 Query	SELECT * FROM `d_base`.`t_estate_info` LIMIT 0, 1000
2019-01-09T11:22:50.774477Z	    3 Connect	root@gateway on  using TCP/IP
2019-01-09T11:22:50.775590Z	    3 Query	SET NAMES utf8mb4
2019-01-09T11:22:50.776679Z	    3 Init DB	d_base
2019-01-09T11:22:50.778088Z	    3 Query	SHOW COLUMNS FROM `d_base`.`t_estate_info`
2019-01-09T11:22:50.789462Z	    2 Query	SHOW TABLE STATUS LIKE 't_estate_info'
2019-01-09T11:22:50.799756Z	    2 Query	SHOW CREATE TABLE `d_base`.`t_estate_info`
/usr/local/mysql/bin/mysqld, Version: 5.7.24-log (Source distribution). started with:
Tcp port: 0  Unix socket: (null)
Time                 Id Command    Argument
/usr/local/mysql/bin/mysqld, Version: 5.7.24-log (Source distribution). started with:
Tcp port: 0  Unix socket: (null)
Time                 Id Command    Argument
/usr/local/mysql/bin/mysqld, Version: 5.7.24-log (Source distribution). started with:
Tcp port: 0  Unix socket: (null)
Time                 Id Command    Argument
/usr/local/mysql/bin/mysqld, Version: 5.7.24-log (Source distribution). started with:
Tcp port: 0  Unix socket: (null)
Time                 Id Command    Argument
2019-01-09T11:51:06.416938Z	    2 Connect	root@injar_docker_php-fpm_1.injar_docker_default on  using TCP/IP
2019-01-09T11:51:06.420517Z	    2 Init DB	d_dev
2019-01-09T11:51:06.421028Z	    2 Query	SET NAMES 'utf8'
2019-01-09T11:51:06.421508Z	    2 Query	SET sql_mode=''
2019-01-09T11:51:06.422855Z	    2 Query	select a.c_id estate_id,
                     a.c_name estate_name,
                     a.c_address estate_address,
                     a.c_map_path estate_picture,
                     substring_index(substring_index(a.c_traffic,';',2),';',-1) estate_traffic,
                     count(distinct b.c_house_type_id) house_type,
                     count(if(b.c_status in (2,6),1,null)) can_rent_number,
                     round(min(b.c_price) / 100) min_price,
                     group_concat(distinct b.c_equipment) equipment
              from d_base.t_estate_info a
              left join d_sku.t_house b on b.c_estate_id = a.c_id and b.c_parent_id = 0
              where a.c_status = 1
              group by a.c_id
2019-01-09T11:51:06.477619Z	    2 Query	select a.c_name from d_base.t_house_config a where a.c_id in (347,348,349,350,351,352,353,354,355,369,356,368,357,358,359,360,361,362,363)
2019-01-09T11:51:06.496219Z	    2 Query	select a.c_name from d_base.t_house_config a where a.c_id in (347,349,350,352,353,354,355,357,359,362,368,369,370,395,371,373,376)
2019-01-09T11:51:06.496890Z	    2 Query	select a.c_name from d_base.t_house_config a where a.c_id in (353,369,352,395,357,355,358)
2019-01-09T11:51:06.497495Z	    2 Query	select a.c_name from d_base.t_house_config a where a.c_id in (347,348,349,351,352,353,354,355,356,358,359,361,362,370,377,399,401)
2019-01-09T11:51:06.498260Z	    2 Query	select a.c_name from d_base.t_house_config a where a.c_id in (443,460,461)
2019-01-09T11:51:06.498869Z	    2 Query	select a.c_name from d_base.t_house_config a where a.c_id in (353,369,355,347,386,377,368,387,385,370,348,388,389,356,390,352)
2019-01-09T11:51:06.499214Z	    2 Query	select a.c_name from d_base.t_house_config a where a.c_id in (347,349,352,353,355,356,358,359,368,369,377,378,379,382,348,381,383,384,380)
2019-01-09T11:51:06.499560Z	    2 Query	select a.c_name from d_base.t_house_config a where a.c_id in (347,348,349,351,352,353,354,355,356,358,359,360,361,362,368,369,370,378,395,443)
2019-01-09T11:51:06.499894Z	    2 Query	select a.c_name from d_base.t_house_config a where a.c_id in (347,348,349,350,351,352,353,354,355,356,357,358,359,360,362,368,369,370,378,395)
2019-01-09T11:51:06.500230Z	    2 Query	select a.c_name from d_base.t_house_config a where a.c_id in (347,348,349,350,351,352,353,354,355,356,357,358,360,362,368,369,370,395)
2019-01-09T11:51:06.500552Z	    2 Query	select a.c_name from d_base.t_house_config a where a.c_id in (347,348,349,352,353,354,355,356,357,360,362,368,369,377,383,390,395)
2019-01-09T11:51:06.506296Z	    2 Quit	
